
*** Running vivado
    with args -log uart_top.vdi -applog -m64 -product Vivado -messageDb vivado.pb -mode batch -source uart_top.tcl -notrace


****** Vivado v2019.1 (64-bit)
  **** SW Build 2552052 on Fri May 24 14:49:42 MDT 2019
  **** IP Build 2548770 on Fri May 24 18:01:18 MDT 2019
    ** Copyright 1986-2019 Xilinx, Inc. All Rights Reserved.

source uart_top.tcl -notrace
INFO: [IP_Flow 19-234] Refreshing IP repositories
INFO: [IP_Flow 19-1700] Loaded user IP repository 'd:/GitHub/VivaIP/ip_repo'.
INFO: [IP_Flow 19-2313] Loaded Vivado IP repository 'D:/Xilinx/Vivado/2019.1/data/ip'.
Command: link_design -top uart_top -part xc7a35ticsg324-1L
Design is defaulting to srcset: sources_1
Design is defaulting to constrset: constrs_1
INFO: [Device 21-403] Loading part xc7a35ticsg324-1L
INFO: [Project 1-454] Reading design checkpoint 'd:/GitHub/ogni/projects/vivado/i2c_exam/i2c_exam.srcs/sources_1/ip/clk_wiz_0/clk_wiz_0.dcp' for cell 'instance_name'
INFO: [Netlist 29-17] Analyzing 5 Unisim elements for replacement
INFO: [Netlist 29-28] Unisim Transformation completed in 0 CPU seconds
INFO: [Project 1-479] Netlist was created with Vivado 2019.1
INFO: [Project 1-570] Preparing netlist for logic optimization
Parsing XDC File [d:/GitHub/ogni/projects/vivado/i2c_exam/i2c_exam.srcs/sources_1/ip/clk_wiz_0/clk_wiz_0_board.xdc] for cell 'instance_name/inst'
Finished Parsing XDC File [d:/GitHub/ogni/projects/vivado/i2c_exam/i2c_exam.srcs/sources_1/ip/clk_wiz_0/clk_wiz_0_board.xdc] for cell 'instance_name/inst'
Parsing XDC File [d:/GitHub/ogni/projects/vivado/i2c_exam/i2c_exam.srcs/sources_1/ip/clk_wiz_0/clk_wiz_0.xdc] for cell 'instance_name/inst'
INFO: [Timing 38-35] Done setting XDC timing constraints. [d:/GitHub/ogni/projects/vivado/i2c_exam/i2c_exam.srcs/sources_1/ip/clk_wiz_0/clk_wiz_0.xdc:57]
INFO: [Timing 38-2] Deriving generated clocks [d:/GitHub/ogni/projects/vivado/i2c_exam/i2c_exam.srcs/sources_1/ip/clk_wiz_0/clk_wiz_0.xdc:57]
get_clocks: Time (s): cpu = 00:00:14 ; elapsed = 00:00:15 . Memory (MB): peak = 1350.398 ; gain = 569.484
Finished Parsing XDC File [d:/GitHub/ogni/projects/vivado/i2c_exam/i2c_exam.srcs/sources_1/ip/clk_wiz_0/clk_wiz_0.xdc] for cell 'instance_name/inst'
Parsing XDC File [D:/GitHub/ogni/projects/vivado/i2c_exam/i2c_exam.srcs/constrs_1/imports/srcs/Arty_Master.xdc]
Finished Parsing XDC File [D:/GitHub/ogni/projects/vivado/i2c_exam/i2c_exam.srcs/constrs_1/imports/srcs/Arty_Master.xdc]
INFO: [Opt 31-138] Pushed 0 inverter(s) to 0 load pin(s).
Netlist sorting complete. Time (s): cpu = 00:00:00 ; elapsed = 00:00:00 . Memory (MB): peak = 1350.398 ; gain = 0.000
INFO: [Project 1-111] Unisim Transformation Summary:
  A total of 4 instances were transformed.
  RAM32M => RAM32M (RAMD32, RAMD32, RAMD32, RAMD32, RAMD32, RAMD32, RAMS32, RAMS32): 4 instances

13 Infos, 0 Warnings, 0 Critical Warnings and 0 Errors encountered.
link_design completed successfully
link_design: Time (s): cpu = 00:01:00 ; elapsed = 00:01:04 . Memory (MB): peak = 1350.398 ; gain = 959.520
Command: opt_design
Attempting to get a license for feature 'Implementation' and/or device 'xc7a35ti'
INFO: [Common 17-349] Got license for feature 'Implementation' and/or device 'xc7a35ti'
Running DRC as a precondition to command opt_design

Starting DRC Task
INFO: [DRC 23-27] Running DRC with 2 threads
INFO: [Project 1-461] DRC finished with 0 Errors
INFO: [Project 1-462] Please refer to the DRC report (report_drc) for more information.

Time (s): cpu = 00:00:02 ; elapsed = 00:00:01 . Memory (MB): peak = 1350.398 ; gain = 0.000

Starting Cache Timing Information Task
INFO: [Timing 38-35] Done setting XDC timing constraints.
INFO: [Timing 38-2] Deriving generated clocks
Ending Cache Timing Information Task | Checksum: 15fb0e030

Time (s): cpu = 00:00:01 ; elapsed = 00:00:00.051 . Memory (MB): peak = 1366.914 ; gain = 16.516

Starting Logic Optimization Task

Phase 1 Retarget
INFO: [Opt 31-138] Pushed 1 inverter(s) to 1 load pin(s).
INFO: [Opt 31-49] Retargeted 0 cell(s).
Phase 1 Retarget | Checksum: 10bb841af

Time (s): cpu = 00:00:00 ; elapsed = 00:00:00.031 . Memory (MB): peak = 1496.805 ; gain = 0.000
INFO: [Opt 31-389] Phase Retarget created 0 cells and removed 1 cells
INFO: [Opt 31-1021] In phase Retarget, 1 netlist objects are constrained preventing optimization. Please run opt_design with -debug_log to get more detail. 

Phase 2 Constant propagation
INFO: [Opt 31-138] Pushed 0 inverter(s) to 0 load pin(s).
Phase 2 Constant propagation | Checksum: 10bb841af

Time (s): cpu = 00:00:00 ; elapsed = 00:00:00.035 . Memory (MB): peak = 1496.805 ; gain = 0.000
INFO: [Opt 31-389] Phase Constant propagation created 0 cells and removed 0 cells

Phase 3 Sweep
Phase 3 Sweep | Checksum: 10bb841af

Time (s): cpu = 00:00:00 ; elapsed = 00:00:00.041 . Memory (MB): peak = 1496.805 ; gain = 0.000
INFO: [Opt 31-389] Phase Sweep created 0 cells and removed 0 cells

Phase 4 BUFG optimization
Phase 4 BUFG optimization | Checksum: 10bb841af

Time (s): cpu = 00:00:00 ; elapsed = 00:00:00.050 . Memory (MB): peak = 1496.805 ; gain = 0.000
INFO: [Opt 31-662] Phase BUFG optimization created 0 cells of which 0 are BUFGs and removed 0 cells.

Phase 5 Shift Register Optimization
INFO: [Opt 31-1064] SRL Remap converted 0 SRLs to 0 registers and converted 0 registers of register chains to 0 SRLs
Phase 5 Shift Register Optimization | Checksum: 10bb841af

Time (s): cpu = 00:00:00 ; elapsed = 00:00:00.058 . Memory (MB): peak = 1496.805 ; gain = 0.000
INFO: [Opt 31-389] Phase Shift Register Optimization created 0 cells and removed 0 cells

Phase 6 Post Processing Netlist
Phase 6 Post Processing Netlist | Checksum: 10bb841af

Time (s): cpu = 00:00:00 ; elapsed = 00:00:00.065 . Memory (MB): peak = 1496.805 ; gain = 0.000
INFO: [Opt 31-389] Phase Post Processing Netlist created 0 cells and removed 0 cells
Opt_design Change Summary
=========================


-------------------------------------------------------------------------------------------------------------------------
|  Phase                        |  #Cells created  |  #Cells Removed  |  #Constrained objects preventing optimizations  |
-------------------------------------------------------------------------------------------------------------------------
|  Retarget                     |               0  |               1  |                                              1  |
|  Constant propagation         |               0  |               0  |                                              0  |
|  Sweep                        |               0  |               0  |                                              0  |
|  BUFG optimization            |               0  |               0  |                                              0  |
|  Shift Register Optimization  |               0  |               0  |                                              0  |
|  Post Processing Netlist      |               0  |               0  |                                              0  |
-------------------------------------------------------------------------------------------------------------------------



Starting Connectivity Check Task

Time (s): cpu = 00:00:00 ; elapsed = 00:00:00.004 . Memory (MB): peak = 1496.805 ; gain = 0.000
Ending Logic Optimization Task | Checksum: 10bb841af

Time (s): cpu = 00:00:00 ; elapsed = 00:00:00.075 . Memory (MB): peak = 1496.805 ; gain = 0.000

Starting Power Optimization Task
INFO: [Pwropt 34-132] Skipping clock gating for clocks with a period < 2.00 ns.
Ending Power Optimization Task | Checksum: 10bb841af

Time (s): cpu = 00:00:00 ; elapsed = 00:00:00.021 . Memory (MB): peak = 1496.805 ; gain = 0.000

Starting Final Cleanup Task
Ending Final Cleanup Task | Checksum: 10bb841af

Time (s): cpu = 00:00:00 ; elapsed = 00:00:00 . Memory (MB): peak = 1496.805 ; gain = 0.000

Starting Netlist Obfuscation Task
Netlist sorting complete. Time (s): cpu = 00:00:00 ; elapsed = 00:00:00 . Memory (MB): peak = 1496.805 ; gain = 0.000
Ending Netlist Obfuscation Task | Checksum: 10bb841af

Time (s): cpu = 00:00:00 ; elapsed = 00:00:00 . Memory (MB): peak = 1496.805 ; gain = 0.000
INFO: [Common 17-83] Releasing license: Implementation
32 Infos, 0 Warnings, 0 Critical Warnings and 0 Errors encountered.
opt_design completed successfully
Netlist sorting complete. Time (s): cpu = 00:00:00 ; elapsed = 00:00:00 . Memory (MB): peak = 1496.805 ; gain = 0.000
INFO: [Timing 38-480] Writing timing data to binary archive.
Writing placer database...
Writing XDEF routing.
Writing XDEF routing logical nets.
Writing XDEF routing special nets.
Write XDEF Complete: Time (s): cpu = 00:00:01 ; elapsed = 00:00:00.077 . Memory (MB): peak = 1496.805 ; gain = 0.000
INFO: [Common 17-1381] The checkpoint 'D:/GitHub/ogni/projects/vivado/i2c_exam/i2c_exam.runs/impl_1/uart_top_opt.dcp' has been generated.
INFO: [runtcl-4] Executing : report_drc -file uart_top_drc_opted.rpt -pb uart_top_drc_opted.pb -rpx uart_top_drc_opted.rpx
Command: report_drc -file uart_top_drc_opted.rpt -pb uart_top_drc_opted.pb -rpx uart_top_drc_opted.rpx
INFO: [IP_Flow 19-1839] IP Catalog is up to date.
INFO: [DRC 23-27] Running DRC with 2 threads
INFO: [Coretcl 2-168] The results of DRC are in file D:/GitHub/ogni/projects/vivado/i2c_exam/i2c_exam.runs/impl_1/uart_top_drc_opted.rpt.
report_drc completed successfully
Command: place_design
Attempting to get a license for feature 'Implementation' and/or device 'xc7a35ti'
INFO: [Common 17-349] Got license for feature 'Implementation' and/or device 'xc7a35ti'
INFO: [DRC 23-27] Running DRC with 2 threads
INFO: [Vivado_Tcl 4-198] DRC finished with 0 Errors
INFO: [Vivado_Tcl 4-199] Please refer to the DRC report (report_drc) for more information.
Running DRC as a precondition to command place_design
INFO: [DRC 23-27] Running DRC with 2 threads
INFO: [Vivado_Tcl 4-198] DRC finished with 0 Errors
INFO: [Vivado_Tcl 4-199] Please refer to the DRC report (report_drc) for more information.

Starting Placer Task
INFO: [Place 30-611] Multithreading enabled for place_design using a maximum of 2 CPUs

Phase 1 Placer Initialization

Phase 1.1 Placer Initialization Netlist Sorting
Netlist sorting complete. Time (s): cpu = 00:00:00 ; elapsed = 00:00:00 . Memory (MB): peak = 1496.805 ; gain = 0.000
Phase 1.1 Placer Initialization Netlist Sorting | Checksum: 86d3b03b

Time (s): cpu = 00:00:00 ; elapsed = 00:00:00.005 . Memory (MB): peak = 1496.805 ; gain = 0.000
Netlist sorting complete. Time (s): cpu = 00:00:00 ; elapsed = 00:00:00 . Memory (MB): peak = 1496.805 ; gain = 0.000

Phase 1.2 IO Placement/ Clock Placement/ Build Placer Device
INFO: [Timing 38-35] Done setting XDC timing constraints.
Phase 1.2 IO Placement/ Clock Placement/ Build Placer Device | Checksum: 114853c09

Time (s): cpu = 00:00:01 ; elapsed = 00:00:01 . Memory (MB): peak = 1496.805 ; gain = 0.000

Phase 1.3 Build Placer Netlist Model
Phase 1.3 Build Placer Netlist Model | Checksum: 1b8e32f9d

Time (s): cpu = 00:00:01 ; elapsed = 00:00:01 . Memory (MB): peak = 1496.805 ; gain = 0.000

Phase 1.4 Constrain Clocks/Macros
Phase 1.4 Constrain Clocks/Macros | Checksum: 1b8e32f9d

Time (s): cpu = 00:00:01 ; elapsed = 00:00:01 . Memory (MB): peak = 1496.805 ; gain = 0.000
Phase 1 Placer Initialization | Checksum: 1b8e32f9d

Time (s): cpu = 00:00:01 ; elapsed = 00:00:01 . Memory (MB): peak = 1496.805 ; gain = 0.000

Phase 2 Global Placement

Phase 2.1 Floorplanning
Phase 2.1 Floorplanning | Checksum: 1b7c0f357

Time (s): cpu = 00:00:01 ; elapsed = 00:00:02 . Memory (MB): peak = 1496.805 ; gain = 0.000

Phase 2.2 Global Placement Core

Phase 2.2.1 Physical Synthesis In Placer
INFO: [Physopt 32-65] No nets found for high-fanout optimization.
INFO: [Physopt 32-232] Optimized 0 net. Created 0 new instance.
INFO: [Physopt 32-775] End 1 Pass. Optimized 0 net or cell. Created 0 new cell, deleted 0 existing cell and moved 0 existing cell
INFO: [Physopt 32-670] No setup violation found.  DSP Register Optimization was not performed.
INFO: [Physopt 32-670] No setup violation found.  Shift Register Optimization was not performed.
INFO: [Physopt 32-670] No setup violation found.  BRAM Register Optimization was not performed.
INFO: [Physopt 32-949] No candidate nets found for HD net replication
INFO: [Physopt 32-775] End 1 Pass. Optimized 0 net or cell. Created 0 new cell, deleted 0 existing cell and moved 0 existing cell
Netlist sorting complete. Time (s): cpu = 00:00:00 ; elapsed = 00:00:00.001 . Memory (MB): peak = 1496.805 ; gain = 0.000

Summary of Physical Synthesis Optimizations
============================================


----------------------------------------------------------------------------------------------------------------------------------------
|  Optimization                  |  Added Cells  |  Removed Cells  |  Optimized Cells/Nets  |  Dont Touch  |  Iterations  |  Elapsed   |
----------------------------------------------------------------------------------------------------------------------------------------
|  Very High Fanout              |            0  |              0  |                     0  |           0  |           1  |  00:00:00  |
|  DSP Register                  |            0  |              0  |                     0  |           0  |           0  |  00:00:00  |
|  Shift Register                |            0  |              0  |                     0  |           0  |           0  |  00:00:00  |
|  BRAM Register                 |            0  |              0  |                     0  |           0  |           0  |  00:00:00  |
|  HD Interface Net Replication  |            0  |              0  |                     0  |           0  |           1  |  00:00:00  |
|  Total                         |            0  |              0  |                     0  |           0  |           2  |  00:00:00  |
----------------------------------------------------------------------------------------------------------------------------------------


Phase 2.2.1 Physical Synthesis In Placer | Checksum: 14e4ccac5

Time (s): cpu = 00:00:07 ; elapsed = 00:00:05 . Memory (MB): peak = 1496.805 ; gain = 0.000
Phase 2.2 Global Placement Core | Checksum: 180195c30

Time (s): cpu = 00:00:07 ; elapsed = 00:00:05 . Memory (MB): peak = 1496.805 ; gain = 0.000
Phase 2 Global Placement | Checksum: 180195c30

Time (s): cpu = 00:00:07 ; elapsed = 00:00:05 . Memory (MB): peak = 1496.805 ; gain = 0.000

Phase 3 Detail Placement

Phase 3.1 Commit Multi Column Macros
Phase 3.1 Commit Multi Column Macros | Checksum: 130ea4e95

Time (s): cpu = 00:00:07 ; elapsed = 00:00:05 . Memory (MB): peak = 1496.805 ; gain = 0.000

Phase 3.2 Commit Most Macros & LUTRAMs
Phase 3.2 Commit Most Macros & LUTRAMs | Checksum: 17e8982ef

Time (s): cpu = 00:00:07 ; elapsed = 00:00:05 . Memory (MB): peak = 1496.805 ; gain = 0.000

Phase 3.3 Area Swap Optimization
Phase 3.3 Area Swap Optimization | Checksum: 1941b6588

Time (s): cpu = 00:00:07 ; elapsed = 00:00:05 . Memory (MB): peak = 1496.805 ; gain = 0.000

Phase 3.4 Pipeline Register Optimization
Phase 3.4 Pipeline Register Optimization | Checksum: b3a7f052

Time (s): cpu = 00:00:07 ; elapsed = 00:00:05 . Memory (MB): peak = 1496.805 ; gain = 0.000

Phase 3.5 Small Shape Detail Placement
Phase 3.5 Small Shape Detail Placement | Checksum: 235f73d36

Time (s): cpu = 00:00:08 ; elapsed = 00:00:05 . Memory (MB): peak = 1496.805 ; gain = 0.000

Phase 3.6 Re-assign LUT pins
Phase 3.6 Re-assign LUT pins | Checksum: 1cf6b9152

Time (s): cpu = 00:00:08 ; elapsed = 00:00:05 . Memory (MB): peak = 1496.805 ; gain = 0.000

Phase 3.7 Pipeline Register Optimization
Phase 3.7 Pipeline Register Optimization | Checksum: 16e7824a8

Time (s): cpu = 00:00:08 ; elapsed = 00:00:05 . Memory (MB): peak = 1496.805 ; gain = 0.000
Phase 3 Detail Placement | Checksum: 16e7824a8

Time (s): cpu = 00:00:08 ; elapsed = 00:00:05 . Memory (MB): peak = 1496.805 ; gain = 0.000

Phase 4 Post Placement Optimization and Clean-Up

Phase 4.1 Post Commit Optimization
INFO: [Timing 38-35] Done setting XDC timing constraints.

Phase 4.1.1 Post Placement Optimization
Post Placement Optimization Initialization | Checksum: cc59ed03

Phase 4.1.1.1 BUFG Insertion
INFO: [Place 46-56] BUFG insertion identified 0 candidate nets. Inserted BUFG: 0, Replicated BUFG Driver: 0, Skipped due to Placement/Routing Conflicts: 0, Skipped due to Timing Degradation: 0, Skipped due to Illegal Netlist: 0.
Phase 4.1.1.1 BUFG Insertion | Checksum: cc59ed03

Time (s): cpu = 00:00:08 ; elapsed = 00:00:06 . Memory (MB): peak = 1498.559 ; gain = 1.754
INFO: [Place 30-746] Post Placement Timing Summary WNS=4.731. For the most accurate timing information please run report_timing.
Phase 4.1.1 Post Placement Optimization | Checksum: 1bea132a8

Time (s): cpu = 00:00:08 ; elapsed = 00:00:06 . Memory (MB): peak = 1498.559 ; gain = 1.754
Phase 4.1 Post Commit Optimization | Checksum: 1bea132a8

Time (s): cpu = 00:00:08 ; elapsed = 00:00:06 . Memory (MB): peak = 1498.559 ; gain = 1.754

Phase 4.2 Post Placement Cleanup
Phase 4.2 Post Placement Cleanup | Checksum: 1bea132a8

Time (s): cpu = 00:00:08 ; elapsed = 00:00:06 . Memory (MB): peak = 1498.559 ; gain = 1.754

Phase 4.3 Placer Reporting
Phase 4.3 Placer Reporting | Checksum: 1bea132a8

Time (s): cpu = 00:00:08 ; elapsed = 00:00:06 . Memory (MB): peak = 1498.559 ; gain = 1.754

Phase 4.4 Final Placement Cleanup
Netlist sorting complete. Time (s): cpu = 00:00:00 ; elapsed = 00:00:00 . Memory (MB): peak = 1498.559 ; gain = 0.000
Phase 4.4 Final Placement Cleanup | Checksum: 210164374

Time (s): cpu = 00:00:08 ; elapsed = 00:00:06 . Memory (MB): peak = 1498.559 ; gain = 1.754
Phase 4 Post Placement Optimization and Clean-Up | Checksum: 210164374

Time (s): cpu = 00:00:08 ; elapsed = 00:00:06 . Memory (MB): peak = 1498.559 ; gain = 1.754
Ending Placer Task | Checksum: 115ea0026

Time (s): cpu = 00:00:08 ; elapsed = 00:00:06 . Memory (MB): peak = 1498.559 ; gain = 1.754
INFO: [Common 17-83] Releasing license: Implementation
59 Infos, 0 Warnings, 0 Critical Warnings and 0 Errors encountered.
place_design completed successfully
place_design: Time (s): cpu = 00:00:11 ; elapsed = 00:00:07 . Memory (MB): peak = 1498.559 ; gain = 1.754
Netlist sorting complete. Time (s): cpu = 00:00:00 ; elapsed = 00:00:00 . Memory (MB): peak = 1498.559 ; gain = 0.000
INFO: [Timing 38-480] Writing timing data to binary archive.
Writing placer database...
Writing XDEF routing.
Writing XDEF routing logical nets.
Writing XDEF routing special nets.
Write XDEF Complete: Time (s): cpu = 00:00:00 ; elapsed = 00:00:00.102 . Memory (MB): peak = 1498.559 ; gain = 0.000
INFO: [Common 17-1381] The checkpoint 'D:/GitHub/ogni/projects/vivado/i2c_exam/i2c_exam.runs/impl_1/uart_top_placed.dcp' has been generated.
INFO: [runtcl-4] Executing : report_io -file uart_top_io_placed.rpt
report_io: Time (s): cpu = 00:00:01 ; elapsed = 00:00:00.053 . Memory (MB): peak = 1498.559 ; gain = 0.000
INFO: [runtcl-4] Executing : report_utilization -file uart_top_utilization_placed.rpt -pb uart_top_utilization_placed.pb
INFO: [runtcl-4] Executing : report_control_sets -verbose -file uart_top_control_sets_placed.rpt
report_control_sets: Time (s): cpu = 00:00:00 ; elapsed = 00:00:00.006 . Memory (MB): peak = 1498.559 ; gain = 0.000
Command: route_design
Attempting to get a license for feature 'Implementation' and/or device 'xc7a35ti'
INFO: [Common 17-349] Got license for feature 'Implementation' and/or device 'xc7a35ti'
Running DRC as a precondition to command route_design
INFO: [DRC 23-27] Running DRC with 2 threads
INFO: [Vivado_Tcl 4-198] DRC finished with 0 Errors
INFO: [Vivado_Tcl 4-199] Please refer to the DRC report (report_drc) for more information.


Starting Routing Task
INFO: [Route 35-254] Multithreading enabled for route_design using a maximum of 2 CPUs
Checksum: PlaceDB: 832d1b01 ConstDB: 0 ShapeSum: 92bce525 RouteDB: 0

Phase 1 Build RT Design
Phase 1 Build RT Design | Checksum: 114ed3ea6

Time (s): cpu = 00:00:33 ; elapsed = 00:00:30 . Memory (MB): peak = 1587.008 ; gain = 77.375
Post Restoration Checksum: NetGraph: 37d908ba NumContArr: dd1435ec Constraints: 0 Timing: 0

Phase 2 Router Initialization

Phase 2.1 Create Timer
Phase 2.1 Create Timer | Checksum: 114ed3ea6

Time (s): cpu = 00:00:33 ; elapsed = 00:00:30 . Memory (MB): peak = 1619.328 ; gain = 109.695

Phase 2.2 Fix Topology Constraints
Phase 2.2 Fix Topology Constraints | Checksum: 114ed3ea6

Time (s): cpu = 00:00:33 ; elapsed = 00:00:30 . Memory (MB): peak = 1625.316 ; gain = 115.684

Phase 2.3 Pre Route Cleanup
Phase 2.3 Pre Route Cleanup | Checksum: 114ed3ea6

Time (s): cpu = 00:00:33 ; elapsed = 00:00:30 . Memory (MB): peak = 1625.316 ; gain = 115.684
 Number of Nodes with overlaps = 0

Phase 2.4 Update Timing
Phase 2.4 Update Timing | Checksum: 12e16f65e

Time (s): cpu = 00:00:33 ; elapsed = 00:00:30 . Memory (MB): peak = 1636.105 ; gain = 126.473
INFO: [Route 35-416] Intermediate Timing Summary | WNS=4.806  | TNS=0.000  | WHS=-0.260 | THS=-27.931|

Phase 2 Router Initialization | Checksum: bd8fe549

Time (s): cpu = 00:00:33 ; elapsed = 00:00:30 . Memory (MB): peak = 1636.105 ; gain = 126.473

Router Utilization Summary
  Global Vertical Routing Utilization    = 0 %
  Global Horizontal Routing Utilization  = 0 %
  Routable Net Status*
  *Does not include unroutable nets such as driverless and loadless.
  Run report_route_status for detailed report.
  Number of Failed Nets               = 141
    (Failed Nets is the sum of unrouted and partially routed nets)
  Number of Unrouted Nets             = 141
  Number of Partially Routed Nets     = 0
  Number of Node Overlaps             = 0


Phase 3 Initial Routing
Phase 3 Initial Routing | Checksum: 165c16fff

Time (s): cpu = 00:00:33 ; elapsed = 00:00:30 . Memory (MB): peak = 1636.270 ; gain = 126.637

Phase 4 Rip-up And Reroute

Phase 4.1 Global Iteration 0
 Number of Nodes with overlaps = 13
 Number of Nodes with overlaps = 0
INFO: [Route 35-416] Intermediate Timing Summary | WNS=4.943  | TNS=0.000  | WHS=N/A    | THS=N/A    |

Phase 4.1 Global Iteration 0 | Checksum: 1a41d3265

Time (s): cpu = 00:00:34 ; elapsed = 00:00:31 . Memory (MB): peak = 1636.270 ; gain = 126.637
Phase 4 Rip-up And Reroute | Checksum: 1a41d3265

Time (s): cpu = 00:00:34 ; elapsed = 00:00:31 . Memory (MB): peak = 1636.270 ; gain = 126.637

Phase 5 Delay and Skew Optimization

Phase 5.1 Delay CleanUp

Phase 5.1.1 Update Timing
Phase 5.1.1 Update Timing | Checksum: 1719f91f1

Time (s): cpu = 00:00:34 ; elapsed = 00:00:31 . Memory (MB): peak = 1636.270 ; gain = 126.637
INFO: [Route 35-416] Intermediate Timing Summary | WNS=5.045  | TNS=0.000  | WHS=N/A    | THS=N/A    |

Phase 5.1 Delay CleanUp | Checksum: 1719f91f1

Time (s): cpu = 00:00:34 ; elapsed = 00:00:31 . Memory (MB): peak = 1636.270 ; gain = 126.637

Phase 5.2 Clock Skew Optimization
Phase 5.2 Clock Skew Optimization | Checksum: 1719f91f1

Time (s): cpu = 00:00:34 ; elapsed = 00:00:31 . Memory (MB): peak = 1636.270 ; gain = 126.637
Phase 5 Delay and Skew Optimization | Checksum: 1719f91f1

Time (s): cpu = 00:00:34 ; elapsed = 00:00:31 . Memory (MB): peak = 1636.270 ; gain = 126.637

Phase 6 Post Hold Fix

Phase 6.1 Hold Fix Iter

Phase 6.1.1 Update Timing
Phase 6.1.1 Update Timing | Checksum: 1cc8ae2c6

Time (s): cpu = 00:00:34 ; elapsed = 00:00:31 . Memory (MB): peak = 1636.270 ; gain = 126.637
INFO: [Route 35-416] Intermediate Timing Summary | WNS=5.045  | TNS=0.000  | WHS=0.061  | THS=0.000  |

Phase 6.1 Hold Fix Iter | Checksum: 18bce9fcd

Time (s): cpu = 00:00:34 ; elapsed = 00:00:31 . Memory (MB): peak = 1636.270 ; gain = 126.637
Phase 6 Post Hold Fix | Checksum: 18bce9fcd

Time (s): cpu = 00:00:34 ; elapsed = 00:00:31 . Memory (MB): peak = 1636.270 ; gain = 126.637

Phase 7 Route finalize

Router Utilization Summary
  Global Vertical Routing Utilization    = 0.0271068 %
  Global Horizontal Routing Utilization  = 0.0320146 %
  Routable Net Status*
  *Does not include unroutable nets such as driverless and loadless.
  Run report_route_status for detailed report.
  Number of Failed Nets               = 0
    (Failed Nets is the sum of unrouted and partially routed nets)
  Number of Unrouted Nets             = 0
  Number of Partially Routed Nets     = 0
  Number of Node Overlaps             = 0

Phase 7 Route finalize | Checksum: df72e36f

Time (s): cpu = 00:00:34 ; elapsed = 00:00:31 . Memory (MB): peak = 1636.270 ; gain = 126.637

Phase 8 Verifying routed nets

 Verification completed successfully
Phase 8 Verifying routed nets | Checksum: df72e36f

Time (s): cpu = 00:00:34 ; elapsed = 00:00:31 . Memory (MB): peak = 1638.305 ; gain = 128.672

Phase 9 Depositing Routes
Phase 9 Depositing Routes | Checksum: 59f520eb

Time (s): cpu = 00:00:34 ; elapsed = 00:00:31 . Memory (MB): peak = 1638.305 ; gain = 128.672

Phase 10 Post Router Timing
INFO: [Route 35-57] Estimated Timing Summary | WNS=5.045  | TNS=0.000  | WHS=0.061  | THS=0.000  |

INFO: [Route 35-327] The final timing numbers are based on the router estimated timing analysis. For a complete and accurate timing signoff, please run report_timing_summary.
Phase 10 Post Router Timing | Checksum: 59f520eb

Time (s): cpu = 00:00:34 ; elapsed = 00:00:31 . Memory (MB): peak = 1638.305 ; gain = 128.672
INFO: [Route 35-16] Router Completed Successfully

Time (s): cpu = 00:00:34 ; elapsed = 00:00:31 . Memory (MB): peak = 1638.305 ; gain = 128.672

Routing Is Done.
INFO: [Common 17-83] Releasing license: Implementation
77 Infos, 0 Warnings, 0 Critical Warnings and 0 Errors encountered.
route_design completed successfully
route_design: Time (s): cpu = 00:00:37 ; elapsed = 00:00:32 . Memory (MB): peak = 1638.305 ; gain = 139.746
Netlist sorting complete. Time (s): cpu = 00:00:00 ; elapsed = 00:00:00 . Memory (MB): peak = 1638.305 ; gain = 0.000
INFO: [Timing 38-480] Writing timing data to binary archive.
Writing placer database...
Writing XDEF routing.
Writing XDEF routing logical nets.
Writing XDEF routing special nets.
Write XDEF Complete: Time (s): cpu = 00:00:00 ; elapsed = 00:00:00.109 . Memory (MB): peak = 1648.188 ; gain = 9.883
INFO: [Common 17-1381] The checkpoint 'D:/GitHub/ogni/projects/vivado/i2c_exam/i2c_exam.runs/impl_1/uart_top_routed.dcp' has been generated.
INFO: [runtcl-4] Executing : report_drc -file uart_top_drc_routed.rpt -pb uart_top_drc_routed.pb -rpx uart_top_drc_routed.rpx
Command: report_drc -file uart_top_drc_routed.rpt -pb uart_top_drc_routed.pb -rpx uart_top_drc_routed.rpx
INFO: [IP_Flow 19-1839] IP Catalog is up to date.
INFO: [DRC 23-27] Running DRC with 2 threads
INFO: [Coretcl 2-168] The results of DRC are in file D:/GitHub/ogni/projects/vivado/i2c_exam/i2c_exam.runs/impl_1/uart_top_drc_routed.rpt.
report_drc completed successfully
INFO: [runtcl-4] Executing : report_methodology -file uart_top_methodology_drc_routed.rpt -pb uart_top_methodology_drc_routed.pb -rpx uart_top_methodology_drc_routed.rpx
Command: report_methodology -file uart_top_methodology_drc_routed.rpt -pb uart_top_methodology_drc_routed.pb -rpx uart_top_methodology_drc_routed.rpx
INFO: [Timing 38-35] Done setting XDC timing constraints.
INFO: [DRC 23-133] Running Methodology with 2 threads
INFO: [Coretcl 2-1520] The results of Report Methodology are in file D:/GitHub/ogni/projects/vivado/i2c_exam/i2c_exam.runs/impl_1/uart_top_methodology_drc_routed.rpt.
report_methodology completed successfully
INFO: [runtcl-4] Executing : report_power -file uart_top_power_routed.rpt -pb uart_top_power_summary_routed.pb -rpx uart_top_power_routed.rpx
Command: report_power -file uart_top_power_routed.rpt -pb uart_top_power_summary_routed.pb -rpx uart_top_power_routed.rpx
INFO: [Timing 38-35] Done setting XDC timing constraints.
Running Vector-less Activity Propagation...

Finished Running Vector-less Activity Propagation
89 Infos, 0 Warnings, 0 Critical Warnings and 0 Errors encountered.
report_power completed successfully
INFO: [runtcl-4] Executing : report_route_status -file uart_top_route_status.rpt -pb uart_top_route_status.pb
INFO: [runtcl-4] Executing : report_timing_summary -max_paths 10 -file uart_top_timing_summary_routed.rpt -pb uart_top_timing_summary_routed.pb -rpx uart_top_timing_summary_routed.rpx -warn_on_violation 
INFO: [Timing 38-91] UpdateTimingParams: Speed grade: -1L, Delay Type: min_max.
INFO: [Timing 38-191] Multithreading enabled for timing update using a maximum of 2 CPUs
INFO: [runtcl-4] Executing : report_incremental_reuse -file uart_top_incremental_reuse_routed.rpt
INFO: [Vivado_Tcl 4-1062] Incremental flow is disabled. No incremental reuse Info to report.
INFO: [runtcl-4] Executing : report_clock_utilization -file uart_top_clock_utilization_routed.rpt
INFO: [runtcl-4] Executing : report_bus_skew -warn_on_violation -file uart_top_bus_skew_routed.rpt -pb uart_top_bus_skew_routed.pb -rpx uart_top_bus_skew_routed.rpx
INFO: [Timing 38-91] UpdateTimingParams: Speed grade: -1L, Delay Type: min_max.
INFO: [Timing 38-191] Multithreading enabled for timing update using a maximum of 2 CPUs
INFO: [Common 17-206] Exiting Vivado at Mon Jan 10 19:57:15 2022...
